<?xml version="1.0" encoding="UTF-8"?>
<!-- Generated by org.testng.reporters.JUnitReportReporter -->
<testsuite hostname="DESKTOP-QQIG95F" failures="0" tests="1" name="Auditlogin.loginexcel" time="17.820" errors="0" timestamp="2023-01-10T12:08:33 IST" skipped="0">
  <testcase classname="Auditlogin.loginexcel" name="subunit" time="17.820"/>
  <system-out/>
</testsuite> <!-- Auditlogin.loginexcel -->
