<?xml version="1.0" encoding="UTF-8"?>
<!-- Generated by org.testng.reporters.JUnitReportReporter -->
<testsuite hostname="DESKTOP-QQIG95F" failures="0" tests="1" name="Auditlogin.loginpage" time="11.713" errors="0" timestamp="15 Dec 2022 10:47:09 GMT" skipped="0">
  <testcase classname="Auditlogin.loginpage" name="f" time="11.713"/>
</testsuite> <!-- Auditlogin.loginpage -->
