<?xml version="1.0" encoding="UTF-8"?>
<!-- Generated by org.testng.reporters.JUnitReportReporter -->
<testsuite hostname="DESKTOP-QQIG95F" failures="0" tests="2" name="newauditproject.audittestcount" time="141.622" errors="0" timestamp="2023-02-03T16:30:00 IST" skipped="0">
  <testcase classname="newauditproject.audittestcount" name="riskcategory" time="50.227"/>
  <system-out/>
  <testcase classname="newauditproject.audittestcount" name="observation" time="91.395"/>
  <system-out/>
</testsuite> <!-- newauditproject.audittestcount -->
